<?xml version="1.0" encoding="UTF-8"?>
<testng-results ignored="0" total="2" passed="2" failed="0" skipped="0">
  <reporter-output>
  </reporter-output>
  <suite started-at="2022-05-19T17:17:23 IST" name="Default suite" finished-at="2022-05-19T17:17:23 IST" duration-ms="85">
    <groups>
    </groups>
    <test started-at="2022-05-19T17:17:23 IST" name="Default test" finished-at="2022-05-19T17:17:23 IST" duration-ms="85">
      <class name="DataDriven">
        <test-method signature="data(java.lang.String,java.lang.String)[pri:0, instance:DataDriven@2abf4075]" started-at="2022-05-19T17:17:23 IST" name="data" data-provider="m1" finished-at="2022-05-19T17:17:23 IST" duration-ms="11" status="PASS">
          <params>
            <param index="0">
              <value>
                <![CDATA[bharath]]>
              </value>
            </param>
            <param index="1">
              <value>
                <![CDATA[kumar]]>
              </value>
            </param>
          </params>
          <reporter-output>
          </reporter-output>
        </test-method> <!-- data -->
        <test-method signature="data(java.lang.String,java.lang.String)[pri:0, instance:DataDriven@2abf4075]" started-at="2022-05-19T17:17:23 IST" name="data" data-provider="m1" finished-at="2022-05-19T17:17:23 IST" duration-ms="2" status="PASS">
          <params>
            <param index="0">
              <value>
                <![CDATA[sbk]]>
              </value>
            </param>
            <param index="1">
              <value>
                <![CDATA[chennai]]>
              </value>
            </param>
          </params>
          <reporter-output>
          </reporter-output>
        </test-method> <!-- data -->
      </class> <!-- DataDriven -->
    </test> <!-- Default test -->
  </suite> <!-- Default suite -->
</testng-results>
